<?xml version="1.0" encoding="UTF-8" ?>
<testsuite failures="0" time="0.016" errors="0" skipped="0" tests="1" name="com.mycompany.jgrepolis.AppTest">
  <properties>
    <property name="java.runtime.name" value="Java(TM) SE Runtime Environment"/>
    <property name="sun.boot.library.path" value="C:\Program Files (x86)\Java\jdk1.6.0_20\jre\bin"/>
    <property name="java.vm.version" value="16.3-b01"/>
    <property name="java.vm.vendor" value="Sun Microsystems Inc."/>
    <property name="java.vendor.url" value="http://java.sun.com/"/>
    <property name="path.separator" value=";"/>
    <property name="java.vm.name" value="Java HotSpot(TM) Client VM"/>
    <property name="file.encoding.pkg" value="sun.io"/>
    <property name="user.country" value="BR"/>
    <property name="sun.java.launcher" value="SUN_STANDARD"/>
    <property name="sun.os.patch.level" value="Service Pack 1"/>
    <property name="java.vm.specification.name" value="Java Virtual Machine Specification"/>
    <property name="user.dir" value="C:\Users\Felipe\Documents\NetBeansProjects\JGrepolis"/>
    <property name="java.runtime.version" value="1.6.0_20-b02"/>
    <property name="java.awt.graphicsenv" value="sun.awt.Win32GraphicsEnvironment"/>
    <property name="basedir" value="C:\Users\Felipe\Documents\NetBeansProjects\JGrepolis"/>
    <property name="java.endorsed.dirs" value="C:\Program Files (x86)\Java\jdk1.6.0_20\jre\lib\endorsed"/>
    <property name="os.arch" value="x86"/>
    <property name="surefire.real.class.path" value="C:\Users\Felipe\Documents\NetBeansProjects\JGrepolis\target\surefire\surefirebooter7237044248350139154.jar"/>
    <property name="java.io.tmpdir" value="C:\Users\Felipe\AppData\Local\Temp\"/>
    <property name="line.separator" value="
"/>
    <property name="java.vm.specification.vendor" value="Sun Microsystems Inc."/>
    <property name="user.variant" value=""/>
    <property name="os.name" value="Windows 7"/>
    <property name="sun.jnu.encoding" value="Cp1252"/>
    <property name="java.library.path" value="C:\Program Files (x86)\Java\jdk1.6.0_20\jre\bin;.;C:\Windows\Sun\Java\bin;C:\Windows\system32;C:\Windows;C:\Program Files (x86)\NVIDIA Corporation\PhysX\Common;C:\Program Files\Common Files\Microsoft Shared\Windows Live;C:\Program Files (x86)\Common Files\Microsoft Shared\Windows Live;C:\Program Files (x86)\CollabNet Subversion Client;C:\Windows\system32;C:\Windows;C:\Windows\System32\Wbem;C:\Windows\System32\WindowsPowerShell\v1.0\;D:\Java\apache-maven-2.2.1\bin;c:\Program Files (x86)\Java\jdk1.6.0_20\bin;C:\Program Files (x86)\MySQL\MySQL Server 5.1\bin;C:\Program Files (x86)\Windows Live\Shared;C:\Program Files (x86)\QuickTime\QTSystem\"/>
    <property name="surefire.test.class.path" value="C:\Users\Felipe\Documents\NetBeansProjects\JGrepolis\target\test-classes;C:\Users\Felipe\Documents\NetBeansProjects\JGrepolis\target\classes;C:\Users\Felipe\.m2\repository\junit\junit\3.8.1\junit-3.8.1.jar;C:\Users\Felipe\.m2\repository\org\apache\httpcomponents\httpclient\4.1.1\httpclient-4.1.1.jar;C:\Users\Felipe\.m2\repository\org\apache\httpcomponents\httpcore\4.1\httpcore-4.1.jar;C:\Users\Felipe\.m2\repository\commons-logging\commons-logging\1.1.1\commons-logging-1.1.1.jar;C:\Users\Felipe\.m2\repository\commons-codec\commons-codec\1.4\commons-codec-1.4.jar;C:\Users\Felipe\.m2\repository\net\sf\json-lib\json-lib\2.4\json-lib-2.4-jdk15.jar;C:\Users\Felipe\.m2\repository\commons-beanutils\commons-beanutils\1.8.0\commons-beanutils-1.8.0.jar;C:\Users\Felipe\.m2\repository\commons-collections\commons-collections\3.2.1\commons-collections-3.2.1.jar;C:\Users\Felipe\.m2\repository\commons-lang\commons-lang\2.5\commons-lang-2.5.jar;C:\Users\Felipe\.m2\repository\net\sf\ezmorph\ezmorph\1.0.6\ezmorph-1.0.6.jar;C:\Users\Felipe\.m2\repository\org\eclipse\persistence\javax.persistence\2.0.3\javax.persistence-2.0.3.jar;C:\Users\Felipe\.m2\repository\org\eclipse\persistence\eclipselink\2.2.0\eclipselink-2.2.0.jar;C:\Users\Felipe\.m2\repository\org\eclipse\persistence\org.eclipse.persistence.jpa.modelgen.processor\2.2.0\org.eclipse.persistence.jpa.modelgen.processor-2.2.0.jar;C:\Users\Felipe\.m2\repository\javax\annotation\jsr250-api\1.0\jsr250-api-1.0.jar;C:\Users\Felipe\.m2\repository\javax\persistence\persistence-api\1.0\persistence-api-1.0.jar;C:\Users\Felipe\.m2\repository\javax\transaction\jta\1.1\jta-1.1.jar;C:\Users\Felipe\.m2\repository\log4j\log4j\1.2.14\log4j-1.2.14.jar;C:\Users\Felipe\.m2\repository\org\htmlparser\htmlparser\1.6\htmlparser-1.6.jar;C:\Program Files (x86)\Java\jdk1.6.0_20\jre\..\lib\tools.jar;C:\Users\Felipe\.m2\repository\commons-io\commons-io\2.0.1\commons-io-2.0.1.jar;C:\Users\Felipe\.m2\repository\org\slf4j\slf4j-api\1.3.1\slf4j-api-1.3.1.jar;C:\Users\Felipe\.m2\repository\net\htmlparser\jericho\jericho-html\3.1\jericho-html-3.1.jar;C:\Users\Felipe\.m2\repository\jtidy\jtidy\4aug2000r7-dev\jtidy-4aug2000r7-dev.jar;C:\Users\Felipe\.m2\repository\org\apache\derby\derbyclient\10.8.1.2\derbyclient-10.8.1.2.jar;C:\Users\Felipe\.m2\repository\org\apache\commons\commons-email\1.1\commons-email-1.1.jar;C:\Users\Felipe\.m2\repository\javax\mail\mail\1.4\mail-1.4.jar;C:\Users\Felipe\.m2\repository\javax\activation\activation\1.1\activation-1.1.jar;"/>
    <property name="java.specification.name" value="Java Platform API Specification"/>
    <property name="java.class.version" value="50.0"/>
    <property name="sun.management.compiler" value="HotSpot Client Compiler"/>
    <property name="os.version" value="6.1"/>
    <property name="user.home" value="C:\Users\Felipe"/>
    <property name="user.timezone" value=""/>
    <property name="java.awt.printerjob" value="sun.awt.windows.WPrinterJob"/>
    <property name="java.specification.version" value="1.6"/>
    <property name="file.encoding" value="Cp1252"/>
    <property name="user.name" value="Felipe"/>
    <property name="java.class.path" value="C:\Users\Felipe\Documents\NetBeansProjects\JGrepolis\target\test-classes;C:\Users\Felipe\Documents\NetBeansProjects\JGrepolis\target\classes;C:\Users\Felipe\.m2\repository\junit\junit\3.8.1\junit-3.8.1.jar;C:\Users\Felipe\.m2\repository\org\apache\httpcomponents\httpclient\4.1.1\httpclient-4.1.1.jar;C:\Users\Felipe\.m2\repository\org\apache\httpcomponents\httpcore\4.1\httpcore-4.1.jar;C:\Users\Felipe\.m2\repository\commons-logging\commons-logging\1.1.1\commons-logging-1.1.1.jar;C:\Users\Felipe\.m2\repository\commons-codec\commons-codec\1.4\commons-codec-1.4.jar;C:\Users\Felipe\.m2\repository\net\sf\json-lib\json-lib\2.4\json-lib-2.4-jdk15.jar;C:\Users\Felipe\.m2\repository\commons-beanutils\commons-beanutils\1.8.0\commons-beanutils-1.8.0.jar;C:\Users\Felipe\.m2\repository\commons-collections\commons-collections\3.2.1\commons-collections-3.2.1.jar;C:\Users\Felipe\.m2\repository\commons-lang\commons-lang\2.5\commons-lang-2.5.jar;C:\Users\Felipe\.m2\repository\net\sf\ezmorph\ezmorph\1.0.6\ezmorph-1.0.6.jar;C:\Users\Felipe\.m2\repository\org\eclipse\persistence\javax.persistence\2.0.3\javax.persistence-2.0.3.jar;C:\Users\Felipe\.m2\repository\org\eclipse\persistence\eclipselink\2.2.0\eclipselink-2.2.0.jar;C:\Users\Felipe\.m2\repository\org\eclipse\persistence\org.eclipse.persistence.jpa.modelgen.processor\2.2.0\org.eclipse.persistence.jpa.modelgen.processor-2.2.0.jar;C:\Users\Felipe\.m2\repository\javax\annotation\jsr250-api\1.0\jsr250-api-1.0.jar;C:\Users\Felipe\.m2\repository\javax\persistence\persistence-api\1.0\persistence-api-1.0.jar;C:\Users\Felipe\.m2\repository\javax\transaction\jta\1.1\jta-1.1.jar;C:\Users\Felipe\.m2\repository\log4j\log4j\1.2.14\log4j-1.2.14.jar;C:\Users\Felipe\.m2\repository\org\htmlparser\htmlparser\1.6\htmlparser-1.6.jar;C:\Program Files (x86)\Java\jdk1.6.0_20\jre\..\lib\tools.jar;C:\Users\Felipe\.m2\repository\commons-io\commons-io\2.0.1\commons-io-2.0.1.jar;C:\Users\Felipe\.m2\repository\org\slf4j\slf4j-api\1.3.1\slf4j-api-1.3.1.jar;C:\Users\Felipe\.m2\repository\net\htmlparser\jericho\jericho-html\3.1\jericho-html-3.1.jar;C:\Users\Felipe\.m2\repository\jtidy\jtidy\4aug2000r7-dev\jtidy-4aug2000r7-dev.jar;C:\Users\Felipe\.m2\repository\org\apache\derby\derbyclient\10.8.1.2\derbyclient-10.8.1.2.jar;C:\Users\Felipe\.m2\repository\org\apache\commons\commons-email\1.1\commons-email-1.1.jar;C:\Users\Felipe\.m2\repository\javax\mail\mail\1.4\mail-1.4.jar;C:\Users\Felipe\.m2\repository\javax\activation\activation\1.1\activation-1.1.jar;"/>
    <property name="java.vm.specification.version" value="1.0"/>
    <property name="sun.arch.data.model" value="32"/>
    <property name="java.home" value="C:\Program Files (x86)\Java\jdk1.6.0_20\jre"/>
    <property name="java.specification.vendor" value="Sun Microsystems Inc."/>
    <property name="user.language" value="pt"/>
    <property name="awt.toolkit" value="sun.awt.windows.WToolkit"/>
    <property name="java.vm.info" value="mixed mode, sharing"/>
    <property name="java.version" value="1.6.0_20"/>
    <property name="java.ext.dirs" value="C:\Program Files (x86)\Java\jdk1.6.0_20\jre\lib\ext;C:\Windows\Sun\Java\lib\ext"/>
    <property name="sun.boot.class.path" value="C:\Program Files (x86)\Java\jdk1.6.0_20\jre\lib\resources.jar;C:\Program Files (x86)\Java\jdk1.6.0_20\jre\lib\rt.jar;C:\Program Files (x86)\Java\jdk1.6.0_20\jre\lib\sunrsasign.jar;C:\Program Files (x86)\Java\jdk1.6.0_20\jre\lib\jsse.jar;C:\Program Files (x86)\Java\jdk1.6.0_20\jre\lib\jce.jar;C:\Program Files (x86)\Java\jdk1.6.0_20\jre\lib\charsets.jar;C:\Program Files (x86)\Java\jdk1.6.0_20\jre\classes"/>
    <property name="java.vendor" value="Sun Microsystems Inc."/>
    <property name="localRepository" value="C:\Users\Felipe\.m2\repository"/>
    <property name="file.separator" value="\"/>
    <property name="java.vendor.url.bug" value="http://java.sun.com/cgi-bin/bugreport.cgi"/>
    <property name="sun.cpu.endian" value="little"/>
    <property name="sun.io.unicode.encoding" value="UnicodeLittle"/>
    <property name="sun.desktop" value="windows"/>
    <property name="sun.cpu.isalist" value="pentium_pro+mmx pentium_pro pentium+mmx pentium i486 i386 i86"/>
  </properties>
  <testcase time="0" classname="com.mycompany.jgrepolis.AppTest" name="testApp"/>
</testsuite>